app/build/intermediates/manifest_merge_blame_file/debug/manifest-merger-blame-debug-report.txt
1<?xml version="1.0" encoding="utf-8"?>
2<manifest xmlns:android="http://schemas.android.com/apk/res/android"
3    package="com.example.jamrockcuisine"
4    android:versionCode="1"
5    android:versionName="1.0" >
6
7    <uses-sdk
8        android:minSdkVersion="19"
8-->src\main\AndroidManifest.xml
9        android:targetSdkVersion="31" />
9-->src\main\AndroidManifest.xml
10
11    <application
11-->src\main\AndroidManifest.xml:5:5-29:19
12        android:allowBackup="true"
12-->src\main\AndroidManifest.xml:6:9-35
13        android:appComponentFactory="androidx.core.app.CoreComponentFactory"
13-->[androidx.core:core:1.7.0] AndroidManifest.xml:24:18-86
14        android:debuggable="true"
15        android:icon="@mipmap/ic_launcher"
15-->src\main\AndroidManifest.xml:7:9-43
16        android:label="@string/app_name"
16-->src\main\AndroidManifest.xml:8:9-41
17        android:roundIcon="@mipmap/ic_launcher_round"
17-->src\main\AndroidManifest.xml:9:9-54
18        android:supportsRtl="true"
18-->src\main\AndroidManifest.xml:10:9-35
19        android:testOnly="true"
20        android:theme="@style/Theme.JamrockCuisine" >
20-->src\main\AndroidManifest.xml:11:9-52
21        <activity android:name="com.example.jamrockcuisine.BreakfastCategory" />
21-->src\main\AndroidManifest.xml:12:9-64
21-->src\main\AndroidManifest.xml:12:19-52
22        <activity android:name="com.example.jamrockcuisine.Instructions_AckeeNSaltfish" />
22-->src\main\AndroidManifest.xml:13:9-65
22-->src\main\AndroidManifest.xml:13:19-62
23        <activity android:name="com.example.jamrockcuisine.Ingredients_AckeeNSaltfish" />
23-->src\main\AndroidManifest.xml:14:9-64
23-->src\main\AndroidManifest.xml:14:19-61
24        <activity
24-->src\main\AndroidManifest.xml:15:9-18:71
25            android:name="com.example.jamrockcuisine.Home"
25-->src\main\AndroidManifest.xml:16:13-33
26            android:label="@string/title_activity_home"
26-->src\main\AndroidManifest.xml:17:13-56
27            android:theme="@style/Theme.JamrockCuisine.NoActionBar" />
27-->src\main\AndroidManifest.xml:18:13-68
28        <activity android:name="com.example.jamrockcuisine.Register" />
28-->src\main\AndroidManifest.xml:19:9-46
28-->src\main\AndroidManifest.xml:19:19-43
29        <activity android:name="com.example.jamrockcuisine.Login" />
29-->src\main\AndroidManifest.xml:20:9-43
29-->src\main\AndroidManifest.xml:20:19-40
30        <activity
30-->src\main\AndroidManifest.xml:21:9-28:20
31            android:name="com.example.jamrockcuisine.MainActivity"
31-->src\main\AndroidManifest.xml:21:19-47
32            android:exported="true" >
32-->src\main\AndroidManifest.xml:22:13-36
33            <intent-filter>
33-->src\main\AndroidManifest.xml:23:13-27:29
34                <action android:name="android.intent.action.MAIN" />
34-->src\main\AndroidManifest.xml:24:17-69
34-->src\main\AndroidManifest.xml:24:25-66
35
36                <category android:name="android.intent.category.LAUNCHER" />
36-->src\main\AndroidManifest.xml:26:17-77
36-->src\main\AndroidManifest.xml:26:27-74
37            </intent-filter>
38        </activity>
39
40        <provider
40-->[androidx.emoji2:emoji2:1.0.0] AndroidManifest.xml:26:9-34:20
41            android:name="androidx.startup.InitializationProvider"
41-->[androidx.emoji2:emoji2:1.0.0] AndroidManifest.xml:27:13-67
42            android:authorities="com.example.jamrockcuisine.androidx-startup"
42-->[androidx.emoji2:emoji2:1.0.0] AndroidManifest.xml:28:13-68
43            android:exported="false" >
43-->[androidx.emoji2:emoji2:1.0.0] AndroidManifest.xml:29:13-37
44            <meta-data
44-->[androidx.emoji2:emoji2:1.0.0] AndroidManifest.xml:31:13-33:52
45                android:name="androidx.emoji2.text.EmojiCompatInitializer"
45-->[androidx.emoji2:emoji2:1.0.0] AndroidManifest.xml:32:17-75
46                android:value="androidx.startup" />
46-->[androidx.emoji2:emoji2:1.0.0] AndroidManifest.xml:33:17-49
47            <meta-data
47-->[androidx.lifecycle:lifecycle-process:2.4.0] AndroidManifest.xml:31:13-33:52
48                android:name="androidx.lifecycle.ProcessLifecycleInitializer"
48-->[androidx.lifecycle:lifecycle-process:2.4.0] AndroidManifest.xml:32:17-78
49                android:value="androidx.startup" />
49-->[androidx.lifecycle:lifecycle-process:2.4.0] AndroidManifest.xml:33:17-49
50        </provider>
51    </application>
52
53</manifest>